<?xml version="1.0" encoding="UTF-8"?>
<!-- Generated by org.testng.reporters.JUnitXMLReporter -->
<testsuite hostname="CS-PROJ-T540-96" ignored="0" name="Free CRM App Test Cases" tests="3" failures="0" timestamp="28 May 2019 02:20:52 GMT" time="16.512" errors="0">
  <testcase name="loginPageTitleTest" time="0.06" classname="com.crm.qa.testcases.LoginPageTest"/>
  <testcase name="crmLogoImageTest" time="0.095" classname="com.crm.qa.testcases.LoginPageTest"/>
  <testcase name="loginTest" time="2.469" classname="com.crm.qa.testcases.LoginPageTest"/>
</testsuite> <!-- Free CRM App Test Cases -->
