<?xml version="1.0" encoding="UTF-8"?>
<testng-results skipped="0" failed="0" ignored="0" total="3" passed="3">
  <reporter-output>
  </reporter-output>
  <suite name="FREE CRM Application Test Automation Test Suite" duration-ms="16512" started-at="2019-05-28T02:20:36Z" finished-at="2019-05-28T02:20:52Z">
    <groups>
    </groups>
    <test name="Free CRM App Test Cases" duration-ms="16512" started-at="2019-05-28T02:20:36Z" finished-at="2019-05-28T02:20:52Z">
      <class name="com.crm.qa.testcases.LoginPageTest">
        <test-method status="PASS" signature="setUp()[pri:0, instance:com.crm.qa.testcases.LoginPageTest@6f7fd0e6]" name="setUp" is-config="true" duration-ms="5220" started-at="2019-05-27T19:20:36Z" finished-at="2019-05-27T19:20:41Z">
          <reporter-output>
          </reporter-output>
        </test-method> <!-- setUp -->
        <test-method status="PASS" signature="loginPageTitleTest()[pri:1, instance:com.crm.qa.testcases.LoginPageTest@6f7fd0e6]" name="loginPageTitleTest" duration-ms="60" started-at="2019-05-27T19:20:41Z" finished-at="2019-05-27T19:20:41Z">
          <reporter-output>
          </reporter-output>
        </test-method> <!-- loginPageTitleTest -->
        <test-method status="PASS" signature="tearDown()[pri:0, instance:com.crm.qa.testcases.LoginPageTest@6f7fd0e6]" name="tearDown" is-config="true" duration-ms="832" started-at="2019-05-27T19:20:41Z" finished-at="2019-05-27T19:20:42Z">
          <reporter-output>
          </reporter-output>
        </test-method> <!-- tearDown -->
        <test-method status="PASS" signature="setUp()[pri:0, instance:com.crm.qa.testcases.LoginPageTest@6f7fd0e6]" name="setUp" is-config="true" duration-ms="3098" started-at="2019-05-27T19:20:42Z" finished-at="2019-05-27T19:20:45Z">
          <reporter-output>
          </reporter-output>
        </test-method> <!-- setUp -->
        <test-method status="PASS" signature="crmLogoImageTest()[pri:2, instance:com.crm.qa.testcases.LoginPageTest@6f7fd0e6]" name="crmLogoImageTest" duration-ms="95" started-at="2019-05-27T19:20:45Z" finished-at="2019-05-27T19:20:45Z">
          <reporter-output>
          </reporter-output>
        </test-method> <!-- crmLogoImageTest -->
        <test-method status="PASS" signature="tearDown()[pri:0, instance:com.crm.qa.testcases.LoginPageTest@6f7fd0e6]" name="tearDown" is-config="true" duration-ms="728" started-at="2019-05-27T19:20:45Z" finished-at="2019-05-27T19:20:46Z">
          <reporter-output>
          </reporter-output>
        </test-method> <!-- tearDown -->
        <test-method status="PASS" signature="setUp()[pri:0, instance:com.crm.qa.testcases.LoginPageTest@6f7fd0e6]" name="setUp" is-config="true" duration-ms="3219" started-at="2019-05-27T19:20:46Z" finished-at="2019-05-27T19:20:49Z">
          <reporter-output>
          </reporter-output>
        </test-method> <!-- setUp -->
        <test-method status="PASS" signature="loginTest()[pri:3, instance:com.crm.qa.testcases.LoginPageTest@6f7fd0e6]" name="loginTest" duration-ms="2469" started-at="2019-05-27T19:20:49Z" finished-at="2019-05-27T19:20:52Z">
          <reporter-output>
          </reporter-output>
        </test-method> <!-- loginTest -->
        <test-method status="PASS" signature="tearDown()[pri:0, instance:com.crm.qa.testcases.LoginPageTest@6f7fd0e6]" name="tearDown" is-config="true" duration-ms="747" started-at="2019-05-27T19:20:52Z" finished-at="2019-05-27T19:20:52Z">
          <reporter-output>
          </reporter-output>
        </test-method> <!-- tearDown -->
      </class> <!-- com.crm.qa.testcases.LoginPageTest -->
    </test> <!-- Free CRM App Test Cases -->
  </suite> <!-- FREE CRM Application Test Automation Test Suite -->
</testng-results>
